[debug] [2022-11-15T17:20:40.612Z] ----------------------------------------------------------------------
[debug] [2022-11-15T17:20:40.615Z] Command:       C:\Program Files\nodejs\node.exe F:\programs\websockets\onemeetchat\node_modules\firebase-tools\lib\bin\firebase.js init
[debug] [2022-11-15T17:20:40.615Z] CLI Version:   11.16.0
[debug] [2022-11-15T17:20:40.616Z] Platform:      win32
[debug] [2022-11-15T17:20:40.616Z] Node Version:  v16.15.1
[debug] [2022-11-15T17:20:40.617Z] Time:          Tue Nov 15 2022 20:20:40 GMT+0300 (GMT+03:00)
[debug] [2022-11-15T17:20:40.617Z] ----------------------------------------------------------------------
[debug] 
[debug] [2022-11-15T17:20:40.628Z] > command requires scopes: ["email","openid","https://www.googleapis.com/auth/cloudplatformprojects.readonly","https://www.googleapis.com/auth/firebase","https://www.googleapis.com/auth/cloud-platform"]
[debug] [2022-11-15T17:20:40.628Z] > authorizing via signed-in user (josephkongon@gmail.com)
[info] 
     ######## #### ########  ######## ########     ###     ######  ########
     ##        ##  ##     ## ##       ##     ##  ##   ##  ##       ##
     ######    ##  ########  ######   ########  #########  ######  ######
     ##        ##  ##    ##  ##       ##     ## ##     ##       ## ##
     ##       #### ##     ## ######## ########  ##     ##  ######  ########

You're about to initialize a Firebase project in this directory:

  F:\programs\websockets\onemeetchat

[info] 
=== Project Setup
[info] 
[info] First, let's associate this project directory with a Firebase project.
[info] You can create multiple project aliases by running firebase use --add, 
[info] but for now we'll just set up a default project.
[info] 
[debug] [2022-11-15T17:20:56.344Z] > refreshing access token with scopes: []
[debug] [2022-11-15T17:20:56.347Z] >>> [apiv2][query] POST https://www.googleapis.com/oauth2/v3/token [none]
[debug] [2022-11-15T17:20:56.347Z] >>> [apiv2][body] POST https://www.googleapis.com/oauth2/v3/token [omitted]
[debug] [2022-11-15T17:20:56.862Z] <<< [apiv2][status] POST https://www.googleapis.com/oauth2/v3/token 200
[debug] [2022-11-15T17:20:56.862Z] <<< [apiv2][body] POST https://www.googleapis.com/oauth2/v3/token [omitted]
[debug] [2022-11-15T17:20:57.057Z] >>> [apiv2][query] GET https://firebase.googleapis.com/v1beta1/projects pageSize=100
[debug] [2022-11-15T17:20:58.108Z] <<< [apiv2][status] GET https://firebase.googleapis.com/v1beta1/projects 200
[debug] [2022-11-15T17:20:58.108Z] <<< [apiv2][body] GET https://firebase.googleapis.com/v1beta1/projects [omitted]
[info] i  Using project onemeetchat-52490 (onemeetchat) 
[info] 
=== Hosting Setup
[info] 
[info] Your public directory is the folder (relative to your project directory) that
[info] will contain Hosting assets to be uploaded with firebase deploy. If you
[info] have a build process for your assets, use your build's output directory.
[info] 
